<?xml version="1.0" encoding="UTF-8"?>
<!-- Generated by org.testng.reporters.JUnitReportReporter -->
<testsuite hostname="DESKTOP-G5M5I8R" failures="0" tests="1" name="databaseTesting.myDataBaseTesting" time="7.798" errors="0" timestamp="2024-06-29T19:16:21 EET" skipped="0">
  <testcase classname="databaseTesting.myDataBaseTesting" name="getTheData" time="7.798"/>
  <system-out/>
</testsuite> <!-- databaseTesting.myDataBaseTesting -->
