<?xml version="1.0" encoding="UTF-8"?>
<!-- Generated by org.testng.reporters.JUnitReportReporter -->
<testsuite hostname="DESKTOP-G5M5I8R" failures="0" tests="4" name="databaseTesting.myTestCases" time="5.337" errors="0" timestamp="2024-06-29T19:15:57 EET" skipped="0">
  <testcase classname="databaseTesting.myTestCases" name="addData" time="0.315"/>
  <system-out/>
  <testcase classname="databaseTesting.myTestCases" name="updateDta" time="0.030"/>
  <system-out/>
  <testcase classname="databaseTesting.myTestCases" name="getData" time="4.893"/>
  <system-out/>
  <testcase classname="databaseTesting.myTestCases" name="deleteData" time="0.099"/>
  <system-out/>
</testsuite> <!-- databaseTesting.myTestCases -->
